0 info it worked if it ends with ok
1 verbose cli [ '/Users/eunjilee/Documents/workspace-sts-3.9.0.RELEASE/eunji/frontend/target/node/node',
1 verbose cli   '/Users/eunjilee/Documents/workspace-sts-3.9.0.RELEASE/eunji/frontend/target/node/node_modules/npm/bin/npm-cli.js',
1 verbose cli   'run',
1 verbose cli   'build' ]
2 info using npm@3.10.10
3 info using node@v6.11.2
4 verbose stack Error: ENOENT: no such file or directory, open '/Users/eunjilee/Documents/workspace-sts-3.9.0.RELEASE/eunji/frontend/package.json'
4 verbose stack     at Error (native)
5 verbose cwd /Users/eunjilee/Documents/workspace-sts-3.9.0.RELEASE/eunji/frontend
6 error Darwin 16.7.0
7 error argv "/Users/eunjilee/Documents/workspace-sts-3.9.0.RELEASE/eunji/frontend/target/node/node" "/Users/eunjilee/Documents/workspace-sts-3.9.0.RELEASE/eunji/frontend/target/node/node_modules/npm/bin/npm-cli.js" "run" "build"
8 error node v6.11.2
9 error npm  v3.10.10
10 error path /Users/eunjilee/Documents/workspace-sts-3.9.0.RELEASE/eunji/frontend/package.json
11 error code ENOENT
12 error errno -2
13 error syscall open
14 error enoent ENOENT: no such file or directory, open '/Users/eunjilee/Documents/workspace-sts-3.9.0.RELEASE/eunji/frontend/package.json'
15 error enoent ENOENT: no such file or directory, open '/Users/eunjilee/Documents/workspace-sts-3.9.0.RELEASE/eunji/frontend/package.json'
15 error enoent This is most likely not a problem with npm itself
15 error enoent and is related to npm not being able to find a file.
16 verbose exit [ -2, true ]
